Using pre-set license
Built from '2020.3/staging' branch; Version is '2020.3.26f1 (7298b473bc1a) revision 7510196'; Using compiler version '192528614'; Build Type 'Release'
OS: 'Windows 11  (10.0.22000) 64bit Professional' Language: 'en' Physical Memory: 14188 MB
BatchMode: 1, IsHumanControllingUs: 0, StartBugReporterOnCrash: 0, Is64bit: 1, IsPro: 0

COMMAND LINE ARGUMENTS:
C:\Program Files\Unity\Hub\Editor\2020.3.26f1\Editor\Unity.exe
-adb2
-batchMode
-noUpm
-name
AssetImportWorker0
-projectPath
C:/Users/Burak/Desktop/Desktop/Unity/Cube Surfer Replica
-logFile
Logs/AssetImportWorker0.log
-srvPort
63093
Successfully changed project path to: C:/Users/Burak/Desktop/Desktop/Unity/Cube Surfer Replica
C:/Users/Burak/Desktop/Desktop/Unity/Cube Surfer Replica
Using Asset Import Pipeline V2.
Refreshing native plugins compatible for Editor in 25.22 ms, found 2 plugins.
Preloading 0 native plugins for Editor in 0.00 ms.
Initialize engine version: 2020.3.26f1 (7298b473bc1a)
[Subsystems] Discovering subsystems at path C:/Program Files/Unity/Hub/Editor/2020.3.26f1/Editor/Data/Resources/UnitySubsystems
[Subsystems] Discovering subsystems at path C:/Users/Burak/Desktop/Desktop/Unity/Cube Surfer Replica/Assets
GfxDevice: creating device client; threaded=0
Direct3D:
    Version:  Direct3D 11.0 [level 11.1]
    Renderer: NVIDIA GeForce RTX 3060 Laptop GPU (ID=0x2520)
    Vendor:   
    VRAM:     6025 MB
    Driver:   31.0.15.1694
Initialize mono
Mono path[0] = 'C:/Program Files/Unity/Hub/Editor/2020.3.26f1/Editor/Data/Managed'
Mono path[1] = 'C:/Program Files/Unity/Hub/Editor/2020.3.26f1/Editor/Data/MonoBleedingEdge/lib/mono/unityjit'
Mono config path = 'C:/Program Files/Unity/Hub/Editor/2020.3.26f1/Editor/Data/MonoBleedingEdge/etc'
Using monoOptions --debugger-agent=transport=dt_socket,embedding=1,server=y,suspend=n,address=127.0.0.1:56368
Begin MonoManager ReloadAssembly
Registering precompiled unity dll's ...
Register platform support module: C:/Program Files/Unity/Hub/Editor/2020.3.26f1/Editor/Data/PlaybackEngines/WindowsStandaloneSupport/UnityEditor.WindowsStandalone.Extensions.dll
Registered in 0.001051 seconds.
Native extension for WindowsStandalone target not found
Refreshing native plugins compatible for Editor in 23.89 ms, found 2 plugins.
Preloading 0 native plugins for Editor in 0.00 ms.
Mono: successfully reloaded assembly
- Completed reload, in  0.429 seconds
Domain Reload Profiling:
	ReloadAssembly (429ms)
		BeginReloadAssembly (41ms)
			ExecutionOrderSort (0ms)
			DisableScriptedObjects (0ms)
			BackupInstance (0ms)
			ReleaseScriptingObjects (0ms)
			CreateAndSetChildDomain (1ms)
		EndReloadAssembly (335ms)
			LoadAssemblies (40ms)
			RebuildTransferFunctionScriptingTraits (0ms)
			SetupTypeCache (104ms)
			ReleaseScriptCaches (0ms)
			RebuildScriptCaches (25ms)
			SetupLoadedEditorAssemblies (128ms)
				LogAssemblyErrors (0ms)
				InitializePlatformSupportModulesInManaged (3ms)
				SetLoadedEditorAssemblies (0ms)
				RefreshPlugins (24ms)
				BeforeProcessingInitializeOnLoad (11ms)
				ProcessInitializeOnLoadAttributes (66ms)
				ProcessInitializeOnLoadMethodAttributes (24ms)
				AfterProcessingInitializeOnLoad (0ms)
				EditorAssembliesLoaded (0ms)
			ExecutionOrderSort2 (0ms)
			AwakeInstancesAfterBackupRestoration (0ms)
Platform modules already initialized, skipping
Registering precompiled user dll's ...
Registered in 0.003334 seconds.
Begin MonoManager ReloadAssembly
Native extension for WindowsStandalone target not found
Refreshing native plugins compatible for Editor in 0.52 ms, found 2 plugins.
Preloading 0 native plugins for Editor in 0.00 ms.
Mono: successfully reloaded assembly
- Completed reload, in  0.787 seconds
Domain Reload Profiling:
	ReloadAssembly (788ms)
		BeginReloadAssembly (106ms)
			ExecutionOrderSort (0ms)
			DisableScriptedObjects (5ms)
			BackupInstance (0ms)
			ReleaseScriptingObjects (0ms)
			CreateAndSetChildDomain (19ms)
		EndReloadAssembly (636ms)
			LoadAssemblies (68ms)
			RebuildTransferFunctionScriptingTraits (0ms)
			SetupTypeCache (203ms)
			ReleaseScriptCaches (0ms)
			RebuildScriptCaches (31ms)
			SetupLoadedEditorAssemblies (260ms)
				LogAssemblyErrors (0ms)
				InitializePlatformSupportModulesInManaged (4ms)
				SetLoadedEditorAssemblies (0ms)
				RefreshPlugins (1ms)
				BeforeProcessingInitializeOnLoad (83ms)
				ProcessInitializeOnLoadAttributes (159ms)
				ProcessInitializeOnLoadMethodAttributes (8ms)
				AfterProcessingInitializeOnLoad (4ms)
				EditorAssembliesLoaded (0ms)
			ExecutionOrderSort2 (0ms)
			AwakeInstancesAfterBackupRestoration (7ms)
Platform modules already initialized, skipping
========================================================================
Worker process is ready to serve import requests
Launched and connected shader compiler UnityShaderCompiler.exe after 0.04 seconds
Refreshing native plugins compatible for Editor in 0.39 ms, found 2 plugins.
Preloading 0 native plugins for Editor in 0.00 ms.
Unloading 1503 Unused Serialized files (Serialized files now loaded: 0)
System memory in use before: 67.5 MB.
System memory in use after: 67.6 MB.

Unloading 19 unused Assets to reduce memory usage. Loaded Objects now: 1935.
Total: 2.818400 ms (FindLiveObjects: 0.192400 ms CreateObjectMapping: 0.045800 ms MarkObjects: 2.516200 ms  DeleteObjects: 0.063200 ms)

AssetImportParameters requested are different than current active one (requested -> active):
  custom:framework-win-MediaFoundation: 216162199b28c13a410421893ffa2e32 -> 
  custom:video-decoder-ogg-theora: a1e56fd34408186e4bbccfd4996cb3dc -> 
  custom:container-muxer-webm: aa71ff27fc2769a1b78a27578f13a17b -> 
  custom:container-demuxer-webm: 4f35f7cbe854078d1ac9338744f61a02 -> 
  custom:container-demuxer-ogg: 62fdf1f143b41e24485cea50d1cbac27 -> 
  custom:video-encoder-webm-vp8: eb34c28f22e8b96e1ab97ce403110664 -> 
  custom:video-decoder-webm-vp8: 9c59270c3fd7afecdb556c50c9e8de78 -> 
  custom:audio-decoder-ogg-vorbis: bf7c407c2cedff20999df2af8eb42d56 -> 
  custom:audio-encoder-webm-vorbis: bf7c407c2cedff20999df2af8eb42d56 -> 
========================================================================
Received Import Request.
  path: Assets/Scenes/Dev.unity
  artifactKey: Guid(9fc0d4010bbf28b4594072e72b8655ab) Importer(815301076,1909f56bfc062723c751e8b465ee728b)
Start importing Assets/Scenes/Dev.unity using Guid(9fc0d4010bbf28b4594072e72b8655ab) Importer(815301076,1909f56bfc062723c751e8b465ee728b)  -> (artifact id: 'bc80b2c68e1beca8b7040d75026454ce') in 0.016300 seconds 
  Import took 0.019092 seconds .

========================================================================
Received Import Request.
  Time since last request: 0.999694 seconds.
  path: Assets
  artifactKey: Guid(00000000000000001000000000000000) Importer(815301076,1909f56bfc062723c751e8b465ee728b)
Start importing Assets using Guid(00000000000000001000000000000000) Importer(815301076,1909f56bfc062723c751e8b465ee728b)  -> (artifact id: '42d402b061de3733987d63b9cc3b64de') in 0.006339 seconds 
  Import took 0.009150 seconds .

========================================================================
Received Import Request.
  Time since last request: 2.895902 seconds.
  path: Assets/Scripts
  artifactKey: Guid(b5ad9aa47840c6743b34f3cd49938e4d) Importer(815301076,1909f56bfc062723c751e8b465ee728b)
Start importing Assets/Scripts using Guid(b5ad9aa47840c6743b34f3cd49938e4d) Importer(815301076,1909f56bfc062723c751e8b465ee728b)  -> (artifact id: 'e46ee554bd2bfe56aed6b4e6511d32c8') in 0.006553 seconds 
  Import took 0.009550 seconds .

========================================================================
Received Import Request.
  Time since last request: 5.004756 seconds.
  path: Assets/Models
  artifactKey: Guid(c32aed3b846fe1d459e109bca3063d61) Importer(815301076,1909f56bfc062723c751e8b465ee728b)
Start importing Assets/Models using Guid(c32aed3b846fe1d459e109bca3063d61) Importer(815301076,1909f56bfc062723c751e8b465ee728b)  -> (artifact id: '34356d89abc86a0dbf7112078a207927') in 0.005689 seconds 
  Import took 0.008632 seconds .

========================================================================
Received Import Request.
  Time since last request: 4.082139 seconds.
  path: Assets/Materials
  artifactKey: Guid(27f348eecde3c4d4dbdd5e767851991a) Importer(815301076,1909f56bfc062723c751e8b465ee728b)
Start importing Assets/Materials using Guid(27f348eecde3c4d4dbdd5e767851991a) Importer(815301076,1909f56bfc062723c751e8b465ee728b)  -> (artifact id: 'ef5e65d30bc2f201ca6a35c5d254215d') in 0.005396 seconds 
  Import took 0.013395 seconds .

========================================================================
Received Import Request.
  Time since last request: 4.083887 seconds.
  path: Assets/Animations
  artifactKey: Guid(ebf295ccfebf017418fedc8af878928c) Importer(815301076,1909f56bfc062723c751e8b465ee728b)
Start importing Assets/Animations using Guid(ebf295ccfebf017418fedc8af878928c) Importer(815301076,1909f56bfc062723c751e8b465ee728b)  -> (artifact id: 'db880aeab2389728d204f1042747e05e') in 0.005616 seconds 
  Import took 0.007872 seconds .

========================================================================
Received Import Request.
  Time since last request: 3958.182460 seconds.
  path: Assets/Models/Rigged.fbx
  artifactKey: Guid(3bd3103950678d9409d4e7ec855bb402) Importer(815301076,1909f56bfc062723c751e8b465ee728b)
Start importing Assets/Models/Rigged.fbx using Guid(3bd3103950678d9409d4e7ec855bb402) Importer(815301076,1909f56bfc062723c751e8b465ee728b)  -> (artifact id: '87cba8697bfa10d7737cd00c398aa2c0') in 0.185441 seconds 
  Import took 0.188676 seconds .

========================================================================
Received Import Request.
  Time since last request: 0.196500 seconds.
  path: Assets/Models/Cube.fbx
  artifactKey: Guid(d706b9cdefff2424289ec1050f26cb6c) Importer(815301076,1909f56bfc062723c751e8b465ee728b)
Start importing Assets/Models/Cube.fbx using Guid(d706b9cdefff2424289ec1050f26cb6c) Importer(815301076,1909f56bfc062723c751e8b465ee728b)  -> (artifact id: 'bfa811d260c7ba2e747d965a6cdf88b6') in 0.020362 seconds 
  Import took 0.023411 seconds .

========================================================================
Received Import Request.
  Time since last request: 76.840065 seconds.
  path: Assets/Animations/hero.controller
  artifactKey: Guid(65b6bf00a747d0744a3b777f9597ca57) Importer(815301076,1909f56bfc062723c751e8b465ee728b)
Start importing Assets/Animations/hero.controller using Guid(65b6bf00a747d0744a3b777f9597ca57) Importer(815301076,1909f56bfc062723c751e8b465ee728b)  -> (artifact id: 'c502233afc61c61d6b3bdc5f4523f4c8') in 0.007918 seconds 
  Import took 0.010575 seconds .

========================================================================
Received Import Request.
  Time since last request: 1.652554 seconds.
  path: Assets/Animations/Hero.controller
  artifactKey: Guid(65b6bf00a747d0744a3b777f9597ca57) Importer(815301076,1909f56bfc062723c751e8b465ee728b)
Start importing Assets/Animations/Hero.controller using Guid(65b6bf00a747d0744a3b777f9597ca57) Importer(815301076,1909f56bfc062723c751e8b465ee728b)  -> (artifact id: '2d46d4b3a8a092ade866f098cec95e37') in 0.005769 seconds 
  Import took 0.008512 seconds .

========================================================================
Received Import Request.
  Time since last request: 26.925159 seconds.
  path: Assets/Animations/Running.fbx
  artifactKey: Guid(de130ed52f25e3d44ae78a34261c46a7) Importer(815301076,1909f56bfc062723c751e8b465ee728b)
Start importing Assets/Animations/Running.fbx using Guid(de130ed52f25e3d44ae78a34261c46a7) Importer(815301076,1909f56bfc062723c751e8b465ee728b)  -> (artifact id: 'eee45b703b403ee6190322041047131c') in 0.009229 seconds 
  Import took 0.011637 seconds .

========================================================================
Received Prepare
Registering precompiled user dll's ...
Registered in 0.004421 seconds.
Begin MonoManager ReloadAssembly
Native extension for WindowsStandalone target not found
Refreshing native plugins compatible for Editor in 0.40 ms, found 2 plugins.
Preloading 0 native plugins for Editor in 0.00 ms.
Mono: successfully reloaded assembly
- Completed reload, in  0.716 seconds
Domain Reload Profiling:
	ReloadAssembly (716ms)
		BeginReloadAssembly (94ms)
			ExecutionOrderSort (0ms)
			DisableScriptedObjects (3ms)
			BackupInstance (0ms)
			ReleaseScriptingObjects (0ms)
			CreateAndSetChildDomain (30ms)
		EndReloadAssembly (578ms)
			LoadAssemblies (62ms)
			RebuildTransferFunctionScriptingTraits (0ms)
			SetupTypeCache (199ms)
			ReleaseScriptCaches (1ms)
			RebuildScriptCaches (25ms)
			SetupLoadedEditorAssemblies (226ms)
				LogAssemblyErrors (0ms)
				InitializePlatformSupportModulesInManaged (4ms)
				SetLoadedEditorAssemblies (1ms)
				RefreshPlugins (0ms)
				BeforeProcessingInitializeOnLoad (64ms)
				ProcessInitializeOnLoadAttributes (147ms)
				ProcessInitializeOnLoadMethodAttributes (7ms)
				AfterProcessingInitializeOnLoad (3ms)
				EditorAssembliesLoaded (0ms)
			ExecutionOrderSort2 (0ms)
			AwakeInstancesAfterBackupRestoration (5ms)
Platform modules already initialized, skipping
Refreshing native plugins compatible for Editor in 0.41 ms, found 2 plugins.
Preloading 0 native plugins for Editor in 0.00 ms.
Unloading 1497 Unused Serialized files (Serialized files now loaded: 0)
System memory in use before: 84.4 MB.
System memory in use after: 84.5 MB.

Unloading 15 unused Assets to reduce memory usage. Loaded Objects now: 1981.
Total: 2.615700 ms (FindLiveObjects: 0.129700 ms CreateObjectMapping: 0.039200 ms MarkObjects: 2.427400 ms  DeleteObjects: 0.018600 ms)

AssetImportParameters requested are different than current active one (requested -> active):
  custom:framework-win-MediaFoundation: 216162199b28c13a410421893ffa2e32 -> 
  custom:video-decoder-ogg-theora: a1e56fd34408186e4bbccfd4996cb3dc -> 
  custom:container-muxer-webm: aa71ff27fc2769a1b78a27578f13a17b -> 
  custom:container-demuxer-webm: 4f35f7cbe854078d1ac9338744f61a02 -> 
  custom:container-demuxer-ogg: 62fdf1f143b41e24485cea50d1cbac27 -> 
  custom:video-encoder-webm-vp8: eb34c28f22e8b96e1ab97ce403110664 -> 
  custom:video-decoder-webm-vp8: 9c59270c3fd7afecdb556c50c9e8de78 -> 
  custom:audio-decoder-ogg-vorbis: bf7c407c2cedff20999df2af8eb42d56 -> 
  custom:audio-encoder-webm-vorbis: bf7c407c2cedff20999df2af8eb42d56 -> 
========================================================================
Received Import Request.
  Time since last request: 5.308894 seconds.
  path: Assets/Animations/Running.fbx
  artifactKey: Guid(de130ed52f25e3d44ae78a34261c46a7) Importer(815301076,1909f56bfc062723c751e8b465ee728b)
Start importing Assets/Animations/Running.fbx using Guid(de130ed52f25e3d44ae78a34261c46a7) Importer(815301076,1909f56bfc062723c751e8b465ee728b)  -> (artifact id: '4b5386f978fc606c33f0f4c4123c301a') in 0.024245 seconds 
  Import took 0.027131 seconds .

AssetImportWorkerClient::OnTransportError - code=2 error=End of file
